<?xml version="1.0" encoding="UTF-8"?>
<!-- Generated by org.testng.reporters.JUnitXMLReporter -->
<testsuite hostname="DESKTOP-8TV4K1J" ignored="0" name="Free Crm Application Test Cases" tests="7" failures="0" timestamp="03 Dec 2020 15:29:42 GMT" time="70.301" errors="0">
  <testcase name="@BeforeMethod setUp" time="40.815" classname="com.crm.qa.testcases.LoginPageTest">
    <failure type="org.openqa.selenium.SessionNotCreatedException" message="session not created: This version of ChromeDriver only supports Chrome version 83
Build info: version: &amp;apos;3.141.59&amp;apos;, revision: &amp;apos;e82be7d358&amp;apos;, time: &amp;apos;2018-11-14T08:17:03&amp;apos;
System info: host: &amp;apos;DESKTOP-8TV4K1J&amp;apos;, ip: &amp;apos;192.168.1.3&amp;apos;, os.name: &amp;apos;Windows 10&amp;apos;, os.arch: &amp;apos;amd64&amp;apos;, os.version: &amp;apos;10.0&amp;apos;, java.version: &amp;apos;1.8.0_111&amp;apos;
Driver info: driver.version: ChromeDriver
remote stacktrace: Backtrace:
	Ordinal0 [0x011C9563+2725219]
	Ordinal0 [0x010C8551+1672529]
	Ordinal0 [0x00FB0359+525145]
	Ordinal0 [0x00F40B77+68471]
	Ordinal0 [0x00F3D32C+54060]
	Ordinal0 [0x00F5CC37+183351]
	Ordinal0 [0x00F5CA3D+182845]
	Ordinal0 [0x00F5A94B+174411]
	Ordinal0 [0x00F42528+75048]
	Ordinal0 [0x00F435A0+79264]
	Ordinal0 [0x00F43539+79161]
	Ordinal0 [0x010DD607+1758727]
	GetHandleVerifier [0x012E6546+1050150]
	GetHandleVerifier [0x012E6291+1049457]
	GetHandleVerifier [0x012F10D7+1094071]
	GetHandleVerifier [0x012E6B46+1051686]
	Ordinal0 [0x010D5B06+1727238]
	Ordinal0 [0x010DEB7B+1764219]
	Ordinal0 [0x010DECE3+1764579]
	Ordinal0 [0x010F4C05+1854469]
	BaseThreadInitThunk [0x77676359+25]
	RtlGetAppContainerNamedObjectPath [0x779F8944+228]
	RtlGetAppContainerNamedObjectPath [0x779F8914+180]
">
      <![CDATA[org.openqa.selenium.SessionNotCreatedException: session not created: This version of ChromeDriver only supports Chrome version 83
Build info: version: '3.141.59', revision: 'e82be7d358', time: '2018-11-14T08:17:03'
System info: host: 'DESKTOP-8TV4K1J', ip: '192.168.1.3', os.name: 'Windows 10', os.arch: 'amd64', os.version: '10.0', java.version: '1.8.0_111'
Driver info: driver.version: ChromeDriver
remote stacktrace: Backtrace:
Ordinal0 [0x011C9563+2725219]
Ordinal0 [0x010C8551+1672529]
Ordinal0 [0x00FB0359+525145]
Ordinal0 [0x00F40B77+68471]
Ordinal0 [0x00F3D32C+54060]
Ordinal0 [0x00F5CC37+183351]
Ordinal0 [0x00F5CA3D+182845]
Ordinal0 [0x00F5A94B+174411]
Ordinal0 [0x00F42528+75048]
Ordinal0 [0x00F435A0+79264]
Ordinal0 [0x00F43539+79161]
Ordinal0 [0x010DD607+1758727]
GetHandleVerifier [0x012E6546+1050150]
GetHandleVerifier [0x012E6291+1049457]
GetHandleVerifier [0x012F10D7+1094071]
GetHandleVerifier [0x012E6B46+1051686]
Ordinal0 [0x010D5B06+1727238]
Ordinal0 [0x010DEB7B+1764219]
Ordinal0 [0x010DECE3+1764579]
Ordinal0 [0x010F4C05+1854469]
BaseThreadInitThunk [0x77676359+25]
RtlGetAppContainerNamedObjectPath [0x779F8944+228]
RtlGetAppContainerNamedObjectPath [0x779F8914+180]

at org.openqa.selenium.remote.W3CHandshakeResponse.lambda$errorHandler$0(W3CHandshakeResponse.java:62)
at org.openqa.selenium.remote.HandshakeResponse.lambda$getResponseFunction$0(HandshakeResponse.java:30)
at org.openqa.selenium.remote.ProtocolHandshake.lambda$createSession$0(ProtocolHandshake.java:126)
at java.util.stream.ReferencePipeline$3$1.accept(ReferencePipeline.java:193)
at java.util.Spliterators$ArraySpliterator.tryAdvance(Spliterators.java:958)
at java.util.stream.ReferencePipeline.forEachWithCancel(ReferencePipeline.java:126)
at java.util.stream.AbstractPipeline.copyIntoWithCancel(AbstractPipeline.java:498)
at java.util.stream.AbstractPipeline.copyInto(AbstractPipeline.java:485)
at java.util.stream.AbstractPipeline.wrapAndCopyInto(AbstractPipeline.java:471)
at java.util.stream.FindOps$FindOp.evaluateSequential(FindOps.java:152)
at java.util.stream.AbstractPipeline.evaluate(AbstractPipeline.java:234)
at java.util.stream.ReferencePipeline.findFirst(ReferencePipeline.java:464)
at org.openqa.selenium.remote.ProtocolHandshake.createSession(ProtocolHandshake.java:128)
at org.openqa.selenium.remote.ProtocolHandshake.createSession(ProtocolHandshake.java:74)
at org.openqa.selenium.remote.HttpCommandExecutor.execute(HttpCommandExecutor.java:136)
at org.openqa.selenium.remote.service.DriverCommandExecutor.execute(DriverCommandExecutor.java:83)
at org.openqa.selenium.remote.RemoteWebDriver.execute(RemoteWebDriver.java:552)
at org.openqa.selenium.remote.RemoteWebDriver.startSession(RemoteWebDriver.java:213)
at org.openqa.selenium.remote.RemoteWebDriver.<init>(RemoteWebDriver.java:131)
at org.openqa.selenium.chrome.ChromeDriver.<init>(ChromeDriver.java:181)
at org.openqa.selenium.chrome.ChromeDriver.<init>(ChromeDriver.java:168)
at org.openqa.selenium.chrome.ChromeDriver.<init>(ChromeDriver.java:123)
at com.crm.qa.base.TestBase.initialization(TestBase.java:44)
at com.crm.qa.testcases.LoginPageTest.setUp(LoginPageTest.java:25)
... Removed 32 stack frames]]>
    </failure>
  </testcase> <!-- @BeforeMethod setUp -->
  <testcase name="@AfterMethod tearDown" time="0.0" classname="com.crm.qa.testcases.LoginPageTest">
    <skipped/>
  </testcase> <!-- @AfterMethod tearDown -->
  <testcase name="@BeforeMethod setUp" time="0.0" classname="com.crm.qa.testcases.LoginPageTest">
    <skipped/>
  </testcase> <!-- @BeforeMethod setUp -->
  <testcase name="@AfterMethod tearDown" time="0.0" classname="com.crm.qa.testcases.LoginPageTest">
    <skipped/>
  </testcase> <!-- @AfterMethod tearDown -->
  <testcase name="@BeforeMethod setUp" time="24.775" classname="com.crm.qa.testcases.HomePageTest">
    <failure type="org.openqa.selenium.SessionNotCreatedException" message="session not created: This version of ChromeDriver only supports Chrome version 83
Build info: version: &amp;apos;3.141.59&amp;apos;, revision: &amp;apos;e82be7d358&amp;apos;, time: &amp;apos;2018-11-14T08:17:03&amp;apos;
System info: host: &amp;apos;DESKTOP-8TV4K1J&amp;apos;, ip: &amp;apos;192.168.1.3&amp;apos;, os.name: &amp;apos;Windows 10&amp;apos;, os.arch: &amp;apos;amd64&amp;apos;, os.version: &amp;apos;10.0&amp;apos;, java.version: &amp;apos;1.8.0_111&amp;apos;
Driver info: driver.version: ChromeDriver
remote stacktrace: Backtrace:
	Ordinal0 [0x011C9563+2725219]
	Ordinal0 [0x010C8551+1672529]
	Ordinal0 [0x00FB0359+525145]
	Ordinal0 [0x00F40B77+68471]
	Ordinal0 [0x00F3D32C+54060]
	Ordinal0 [0x00F5CC37+183351]
	Ordinal0 [0x00F5CA3D+182845]
	Ordinal0 [0x00F5A94B+174411]
	Ordinal0 [0x00F42528+75048]
	Ordinal0 [0x00F435A0+79264]
	Ordinal0 [0x00F43539+79161]
	Ordinal0 [0x010DD607+1758727]
	GetHandleVerifier [0x012E6546+1050150]
	GetHandleVerifier [0x012E6291+1049457]
	GetHandleVerifier [0x012F10D7+1094071]
	GetHandleVerifier [0x012E6B46+1051686]
	Ordinal0 [0x010D5B06+1727238]
	Ordinal0 [0x010DEB7B+1764219]
	Ordinal0 [0x010DECE3+1764579]
	Ordinal0 [0x010F4C05+1854469]
	BaseThreadInitThunk [0x77676359+25]
	RtlGetAppContainerNamedObjectPath [0x779F8944+228]
	RtlGetAppContainerNamedObjectPath [0x779F8914+180]
">
      <![CDATA[org.openqa.selenium.SessionNotCreatedException: session not created: This version of ChromeDriver only supports Chrome version 83
Build info: version: '3.141.59', revision: 'e82be7d358', time: '2018-11-14T08:17:03'
System info: host: 'DESKTOP-8TV4K1J', ip: '192.168.1.3', os.name: 'Windows 10', os.arch: 'amd64', os.version: '10.0', java.version: '1.8.0_111'
Driver info: driver.version: ChromeDriver
remote stacktrace: Backtrace:
Ordinal0 [0x011C9563+2725219]
Ordinal0 [0x010C8551+1672529]
Ordinal0 [0x00FB0359+525145]
Ordinal0 [0x00F40B77+68471]
Ordinal0 [0x00F3D32C+54060]
Ordinal0 [0x00F5CC37+183351]
Ordinal0 [0x00F5CA3D+182845]
Ordinal0 [0x00F5A94B+174411]
Ordinal0 [0x00F42528+75048]
Ordinal0 [0x00F435A0+79264]
Ordinal0 [0x00F43539+79161]
Ordinal0 [0x010DD607+1758727]
GetHandleVerifier [0x012E6546+1050150]
GetHandleVerifier [0x012E6291+1049457]
GetHandleVerifier [0x012F10D7+1094071]
GetHandleVerifier [0x012E6B46+1051686]
Ordinal0 [0x010D5B06+1727238]
Ordinal0 [0x010DEB7B+1764219]
Ordinal0 [0x010DECE3+1764579]
Ordinal0 [0x010F4C05+1854469]
BaseThreadInitThunk [0x77676359+25]
RtlGetAppContainerNamedObjectPath [0x779F8944+228]
RtlGetAppContainerNamedObjectPath [0x779F8914+180]

at org.openqa.selenium.remote.W3CHandshakeResponse.lambda$errorHandler$0(W3CHandshakeResponse.java:62)
at org.openqa.selenium.remote.HandshakeResponse.lambda$getResponseFunction$0(HandshakeResponse.java:30)
at org.openqa.selenium.remote.ProtocolHandshake.lambda$createSession$0(ProtocolHandshake.java:126)
at java.util.stream.ReferencePipeline$3$1.accept(ReferencePipeline.java:193)
at java.util.Spliterators$ArraySpliterator.tryAdvance(Spliterators.java:958)
at java.util.stream.ReferencePipeline.forEachWithCancel(ReferencePipeline.java:126)
at java.util.stream.AbstractPipeline.copyIntoWithCancel(AbstractPipeline.java:498)
at java.util.stream.AbstractPipeline.copyInto(AbstractPipeline.java:485)
at java.util.stream.AbstractPipeline.wrapAndCopyInto(AbstractPipeline.java:471)
at java.util.stream.FindOps$FindOp.evaluateSequential(FindOps.java:152)
at java.util.stream.AbstractPipeline.evaluate(AbstractPipeline.java:234)
at java.util.stream.ReferencePipeline.findFirst(ReferencePipeline.java:464)
at org.openqa.selenium.remote.ProtocolHandshake.createSession(ProtocolHandshake.java:128)
at org.openqa.selenium.remote.ProtocolHandshake.createSession(ProtocolHandshake.java:74)
at org.openqa.selenium.remote.HttpCommandExecutor.execute(HttpCommandExecutor.java:136)
at org.openqa.selenium.remote.service.DriverCommandExecutor.execute(DriverCommandExecutor.java:83)
at org.openqa.selenium.remote.RemoteWebDriver.execute(RemoteWebDriver.java:552)
at org.openqa.selenium.remote.RemoteWebDriver.startSession(RemoteWebDriver.java:213)
at org.openqa.selenium.remote.RemoteWebDriver.<init>(RemoteWebDriver.java:131)
at org.openqa.selenium.chrome.ChromeDriver.<init>(ChromeDriver.java:181)
at org.openqa.selenium.chrome.ChromeDriver.<init>(ChromeDriver.java:168)
at org.openqa.selenium.chrome.ChromeDriver.<init>(ChromeDriver.java:123)
at com.crm.qa.base.TestBase.initialization(TestBase.java:44)
at com.crm.qa.testcases.HomePageTest.setUp(HomePageTest.java:27)
... Removed 32 stack frames]]>
    </failure>
  </testcase> <!-- @BeforeMethod setUp -->
  <testcase name="@AfterMethod tearDown" time="0.0" classname="com.crm.qa.testcases.HomePageTest">
    <skipped/>
  </testcase> <!-- @AfterMethod tearDown -->
  <testcase name="@BeforeMethod setUp" time="2.697" classname="com.crm.qa.testcases.ContactsPageTest">
    <failure type="org.openqa.selenium.SessionNotCreatedException" message="session not created: This version of ChromeDriver only supports Chrome version 83
Build info: version: &amp;apos;3.141.59&amp;apos;, revision: &amp;apos;e82be7d358&amp;apos;, time: &amp;apos;2018-11-14T08:17:03&amp;apos;
System info: host: &amp;apos;DESKTOP-8TV4K1J&amp;apos;, ip: &amp;apos;192.168.1.3&amp;apos;, os.name: &amp;apos;Windows 10&amp;apos;, os.arch: &amp;apos;amd64&amp;apos;, os.version: &amp;apos;10.0&amp;apos;, java.version: &amp;apos;1.8.0_111&amp;apos;
Driver info: driver.version: ChromeDriver
remote stacktrace: Backtrace:
	Ordinal0 [0x011C9563+2725219]
	Ordinal0 [0x010C8551+1672529]
	Ordinal0 [0x00FB0359+525145]
	Ordinal0 [0x00F40B77+68471]
	Ordinal0 [0x00F3D32C+54060]
	Ordinal0 [0x00F5CC37+183351]
	Ordinal0 [0x00F5CA3D+182845]
	Ordinal0 [0x00F5A94B+174411]
	Ordinal0 [0x00F42528+75048]
	Ordinal0 [0x00F435A0+79264]
	Ordinal0 [0x00F43539+79161]
	Ordinal0 [0x010DD607+1758727]
	GetHandleVerifier [0x012E6546+1050150]
	GetHandleVerifier [0x012E6291+1049457]
	GetHandleVerifier [0x012F10D7+1094071]
	GetHandleVerifier [0x012E6B46+1051686]
	Ordinal0 [0x010D5B06+1727238]
	Ordinal0 [0x010DEB7B+1764219]
	Ordinal0 [0x010DECE3+1764579]
	Ordinal0 [0x010F4C05+1854469]
	BaseThreadInitThunk [0x77676359+25]
	RtlGetAppContainerNamedObjectPath [0x779F8944+228]
	RtlGetAppContainerNamedObjectPath [0x779F8914+180]
">
      <![CDATA[org.openqa.selenium.SessionNotCreatedException: session not created: This version of ChromeDriver only supports Chrome version 83
Build info: version: '3.141.59', revision: 'e82be7d358', time: '2018-11-14T08:17:03'
System info: host: 'DESKTOP-8TV4K1J', ip: '192.168.1.3', os.name: 'Windows 10', os.arch: 'amd64', os.version: '10.0', java.version: '1.8.0_111'
Driver info: driver.version: ChromeDriver
remote stacktrace: Backtrace:
Ordinal0 [0x011C9563+2725219]
Ordinal0 [0x010C8551+1672529]
Ordinal0 [0x00FB0359+525145]
Ordinal0 [0x00F40B77+68471]
Ordinal0 [0x00F3D32C+54060]
Ordinal0 [0x00F5CC37+183351]
Ordinal0 [0x00F5CA3D+182845]
Ordinal0 [0x00F5A94B+174411]
Ordinal0 [0x00F42528+75048]
Ordinal0 [0x00F435A0+79264]
Ordinal0 [0x00F43539+79161]
Ordinal0 [0x010DD607+1758727]
GetHandleVerifier [0x012E6546+1050150]
GetHandleVerifier [0x012E6291+1049457]
GetHandleVerifier [0x012F10D7+1094071]
GetHandleVerifier [0x012E6B46+1051686]
Ordinal0 [0x010D5B06+1727238]
Ordinal0 [0x010DEB7B+1764219]
Ordinal0 [0x010DECE3+1764579]
Ordinal0 [0x010F4C05+1854469]
BaseThreadInitThunk [0x77676359+25]
RtlGetAppContainerNamedObjectPath [0x779F8944+228]
RtlGetAppContainerNamedObjectPath [0x779F8914+180]

at org.openqa.selenium.remote.W3CHandshakeResponse.lambda$errorHandler$0(W3CHandshakeResponse.java:62)
at org.openqa.selenium.remote.HandshakeResponse.lambda$getResponseFunction$0(HandshakeResponse.java:30)
at org.openqa.selenium.remote.ProtocolHandshake.lambda$createSession$0(ProtocolHandshake.java:126)
at java.util.stream.ReferencePipeline$3$1.accept(ReferencePipeline.java:193)
at java.util.Spliterators$ArraySpliterator.tryAdvance(Spliterators.java:958)
at java.util.stream.ReferencePipeline.forEachWithCancel(ReferencePipeline.java:126)
at java.util.stream.AbstractPipeline.copyIntoWithCancel(AbstractPipeline.java:498)
at java.util.stream.AbstractPipeline.copyInto(AbstractPipeline.java:485)
at java.util.stream.AbstractPipeline.wrapAndCopyInto(AbstractPipeline.java:471)
at java.util.stream.FindOps$FindOp.evaluateSequential(FindOps.java:152)
at java.util.stream.AbstractPipeline.evaluate(AbstractPipeline.java:234)
at java.util.stream.ReferencePipeline.findFirst(ReferencePipeline.java:464)
at org.openqa.selenium.remote.ProtocolHandshake.createSession(ProtocolHandshake.java:128)
at org.openqa.selenium.remote.ProtocolHandshake.createSession(ProtocolHandshake.java:74)
at org.openqa.selenium.remote.HttpCommandExecutor.execute(HttpCommandExecutor.java:136)
at org.openqa.selenium.remote.service.DriverCommandExecutor.execute(DriverCommandExecutor.java:83)
at org.openqa.selenium.remote.RemoteWebDriver.execute(RemoteWebDriver.java:552)
at org.openqa.selenium.remote.RemoteWebDriver.startSession(RemoteWebDriver.java:213)
at org.openqa.selenium.remote.RemoteWebDriver.<init>(RemoteWebDriver.java:131)
at org.openqa.selenium.chrome.ChromeDriver.<init>(ChromeDriver.java:181)
at org.openqa.selenium.chrome.ChromeDriver.<init>(ChromeDriver.java:168)
at org.openqa.selenium.chrome.ChromeDriver.<init>(ChromeDriver.java:123)
at com.crm.qa.base.TestBase.initialization(TestBase.java:44)
at com.crm.qa.testcases.ContactsPageTest.setUp(ContactsPageTest.java:27)
... Removed 32 stack frames]]>
    </failure>
  </testcase> <!-- @BeforeMethod setUp -->
  <testcase name="@AfterMethod tearDown" time="0.0" classname="com.crm.qa.testcases.ContactsPageTest">
    <skipped/>
  </testcase> <!-- @AfterMethod tearDown -->
  <testcase name="@BeforeMethod setUp" time="0.0" classname="com.crm.qa.testcases.HomePageTest">
    <skipped/>
  </testcase> <!-- @BeforeMethod setUp -->
  <testcase name="@AfterMethod tearDown" time="0.0" classname="com.crm.qa.testcases.HomePageTest">
    <skipped/>
  </testcase> <!-- @AfterMethod tearDown -->
  <testcase name="@BeforeMethod setUp" time="0.0" classname="com.crm.qa.testcases.ContactsPageTest">
    <skipped/>
  </testcase> <!-- @BeforeMethod setUp -->
  <testcase name="@AfterMethod tearDown" time="0.0" classname="com.crm.qa.testcases.ContactsPageTest">
    <skipped/>
  </testcase> <!-- @AfterMethod tearDown -->
  <testcase name="@BeforeMethod setUp" time="0.0" classname="com.crm.qa.testcases.HomePageTest">
    <skipped/>
  </testcase> <!-- @BeforeMethod setUp -->
  <testcase name="@AfterMethod tearDown" time="0.0" classname="com.crm.qa.testcases.HomePageTest">
    <skipped/>
  </testcase> <!-- @AfterMethod tearDown -->
  <testcase name="LoginPageTitleTest" time="0.0" classname="com.crm.qa.testcases.LoginPageTest">
    <skipped/>
  </testcase> <!-- LoginPageTitleTest -->
  <testcase name="LoginTest" time="0.0" classname="com.crm.qa.testcases.LoginPageTest">
    <skipped/>
  </testcase> <!-- LoginTest -->
  <testcase name="verifyHomePageTitleTest" time="0.0" classname="com.crm.qa.testcases.HomePageTest">
    <skipped/>
  </testcase> <!-- verifyHomePageTitleTest -->
  <testcase name="verifyContactsPageLabel" time="0.0" classname="com.crm.qa.testcases.ContactsPageTest">
    <skipped/>
  </testcase> <!-- verifyContactsPageLabel -->
  <testcase name="verifyUserNameTest" time="0.0" classname="com.crm.qa.testcases.HomePageTest">
    <skipped/>
  </testcase> <!-- verifyUserNameTest -->
  <testcase name="validateNewContact" time="0.0" classname="com.crm.qa.testcases.ContactsPageTest">
    <skipped/>
  </testcase> <!-- validateNewContact -->
  <testcase name="verifyContactsLinkTest" time="0.0" classname="com.crm.qa.testcases.HomePageTest">
    <skipped/>
  </testcase> <!-- verifyContactsLinkTest -->
</testsuite> <!-- Free Crm Application Test Cases -->
